Arguments: 
  C:\Program Files\nodejs\node.exe C:\Users\I537597\AppData\Roaming\npm\node_modules\yarn\bin\yarn.js add -D @babel/node @babel/core @babel/preset-env

PATH: 
  C:\Program Files\SapMachine\JDK\11\bin;C:\Python39\Scripts\;C:\Python39\;C:\WINDOWS\system32;C:\WINDOWS;C:\WINDOWS\System32\Wbem;C:\WINDOWS\System32\WindowsPowerShell\v1.0\;C:\WINDOWS\System32\OpenSSH\;C:\Program Files\Cloud Foundry;C:\Program Files\nodejs\;C:\ProgramData\chocolatey\bin;C:\Program Files\Git\cmd;C:\Program Files\Docker\Docker\resources\bin;C:\ProgramData\DockerDesktop\version-bin;C:\Program Files\Kubernetes\Minikube;;C:\minikube;C:\Users\I537597\AppData\Local\Microsoft\WindowsApps;;C:\Users\I537597\AppData\Local\Programs\Microsoft VS Code\bin;C:\Users\I537597\AppData\Roaming\npm;C:\Program Files\JetBrains\IntelliJ IDEA Community Edition 2021.3.3\bin;

Yarn version: 
  1.22.18

Node version: 
  14.16.1

Platform: 
  win32 x64

Trace: 
  Error: getaddrinfo ENOTFOUND registry.yarnpkg.com
      at GetAddrInfoReqWrap.onlookup [as oncomplete] (dns.js:67:26)

npm manifest: 
  {
    "name": "neo4j",
    "version": "1.0.0",
    "main": "index.js",
    "license": "MIT"
  }

yarn manifest: 
  No manifest

Lockfile: 
  No lockfile
